#
# A fatal error has been detected by the Java Runtime Environment:
#
#  SIGSEGV (0xb) at pc=0x00007f301a64a15e, pid=306418, tid=306520
#
# JRE version: OpenJDK Runtime Environment Temurin-17.0.7+7 (17.0.7+7) (build 17.0.7+7)
# Java VM: OpenJDK 64-Bit Server VM Temurin-17.0.7+7 (17.0.7+7, mixed mode, sharing, tiered, compressed oops, compressed class ptrs, g1 gc, linux-amd64)
# Problematic frame:
# C  [radeonsi_dri.so+0x64a15e]
#
# No core dump will be written. Core dumps have been disabled. To enable core dumping, try "ulimit -c unlimited" before starting Java again
#
# If you would like to submit a bug report, please visit:
#   https://github.com/adoptium/adoptium-support/issues
# The crash happened outside the Java Virtual Machine in native code.
# See problematic frame for where to report the bug.
#

---------------  S U M M A R Y ------------

Command Line: -agentlib:jdwp=transport=dt_socket,server=n,suspend=y,address=localhost:33637 -XX:+ShowCodeDetailsInExceptionMessages com.brahvim.nerd.nerd_demos.App

Host: AMD Ryzen 5 5600H with Radeon Graphics, 12 cores, 14G, KDE neon 5.27
Time: Thu Jan 25 22:53:15 2024 IST elapsed time: 6.981703 seconds (0d 0h 0m 6s)

---------------  T H R E A D  ---------------

Current thread (0x00007f2fc00f2fe0):  JavaThread "main-FPSAWTAnimator#00-Timer0-FPSAWTAnimator#00-Timer1" [_thread_in_native, id=306520, stack(0x00007f3012f00000,0x00007f3013000000)]

Stack: [0x00007f3012f00000,0x00007f3013000000],  sp=0x00007f3012ffd740,  free space=1013k
Native frames: (J=compiled Java code, j=interpreted, Vv=VM code, C=native code)
C  [radeonsi_dri.so+0x64a15e]

Java frames: (J=compiled Java code, j=interpreted, Vv=VM code)
J 1912  jogamp.opengl.gl4.GL4bcImpl.dispatch_glDrawElements1(IIIJJ)V (0 bytes) @ 0x00007f30b4fba5e7 [0x00007f30b4fba5a0+0x0000000000000047]
J 2137